2023-10-19 17:56:00 [http-nio-8001-exec-3] WARN  c.a.server.controller.UserController - User not found for user ID: 3
2023-10-19 17:56:00 [http-nio-8001-exec-4] INFO  c.a.server.controller.UserController - Received request to update user info for user ID: 3
2023-10-19 17:56:00 [http-nio-8001-exec-4] WARN  c.a.server.controller.UserController - User not found for user ID: 3
2023-10-19 17:56:01 [http-nio-8001-exec-5] INFO  c.a.server.controller.UserController - Received request to update user info for user ID: 3
2023-10-19 17:56:01 [http-nio-8001-exec-5] WARN  c.a.server.controller.UserController - User not found for user ID: 3
2023-10-19 17:56:57 [SpringApplicationShutdownHook] INFO  com.zaxxer.hikari.HikariDataSource - HikariPool-1 - Shutdown initiated...
2023-10-19 17:56:57 [SpringApplicationShutdownHook] INFO  com.zaxxer.hikari.HikariDataSource - HikariPool-1 - Shutdown completed.
2023-10-19 18:00:10 [main] INFO  com.aiart.server.ServerApplication - Starting ServerApplication using Java 17.0.6 on DESKTOP-KROBMAG with PID 17188 (E:\AIArt-Server-main\build\classes\java\main started by Lenovo in E:\AIArt-Server-main)
2023-10-19 18:00:10 [main] INFO  com.aiart.server.ServerApplication - No active profile set, falling back to default profiles: default
2023-10-19 18:00:11 [main] INFO  o.s.b.w.e.tomcat.TomcatWebServer - Tomcat initialized with port(s): 8001 (http)
2023-10-19 18:00:11 [main] INFO  o.a.coyote.http11.Http11NioProtocol - Initializing ProtocolHandler ["http-nio-8001"]
2023-10-19 18:00:11 [main] INFO  o.a.catalina.core.StandardService - Starting service [Tomcat]
2023-10-19 18:00:11 [main] INFO  o.a.catalina.core.StandardEngine - Starting Servlet engine: [Apache Tomcat/9.0.52]
2023-10-19 18:00:11 [main] INFO  o.a.c.c.C.[Tomcat].[localhost].[/] - Initializing Spring embedded WebApplicationContext
2023-10-19 18:00:11 [main] INFO  o.s.b.w.s.c.ServletWebServerApplicationContext - Root WebApplicationContext: initialization completed in 615 ms
2023-10-19 18:00:11 [main] INFO  o.a.coyote.http11.Http11NioProtocol - Starting ProtocolHandler ["http-nio-8001"]
2023-10-19 18:00:11 [main] INFO  o.s.b.w.e.tomcat.TomcatWebServer - Tomcat started on port(s): 8001 (http) with context path ''
2023-10-19 18:00:11 [main] INFO  com.aiart.server.ServerApplication - Started ServerApplication in 1.321 seconds (JVM running for 1.7)
2023-10-19 18:00:33 [http-nio-8001-exec-1] INFO  o.a.c.c.C.[Tomcat].[localhost].[/] - Initializing Spring DispatcherServlet 'dispatcherServlet'
2023-10-19 18:00:33 [http-nio-8001-exec-1] INFO  o.s.web.servlet.DispatcherServlet - Initializing Servlet 'dispatcherServlet'
2023-10-19 18:00:33 [http-nio-8001-exec-1] INFO  o.s.web.servlet.DispatcherServlet - Completed initialization in 0 ms
2023-10-19 18:00:33 [http-nio-8001-exec-1] INFO  c.a.server.controller.UserController - Received request to update user info for user ID: 3
2023-10-19 18:00:33 [http-nio-8001-exec-1] INFO  com.zaxxer.hikari.HikariDataSource - HikariPool-1 - Starting...
2023-10-19 18:00:33 [http-nio-8001-exec-1] INFO  com.zaxxer.hikari.HikariDataSource - HikariPool-1 - Start completed.
2023-10-19 18:00:33 [http-nio-8001-exec-1] WARN  c.a.server.controller.UserController - User not found for user ID: 3
2023-10-19 18:00:44 [http-nio-8001-exec-2] INFO  c.a.server.controller.UserController - Received request to update user info for user ID: 3
2023-10-19 18:00:44 [http-nio-8001-exec-2] WARN  c.a.server.controller.UserController - User not found for user ID: 3
2023-10-19 18:00:57 [SpringApplicationShutdownHook] INFO  com.zaxxer.hikari.HikariDataSource - HikariPool-1 - Shutdown initiated...
2023-10-19 18:00:57 [SpringApplicationShutdownHook] INFO  com.zaxxer.hikari.HikariDataSource - HikariPool-1 - Shutdown completed.
2023-10-19 19:50:02 [main] INFO  com.aiart.server.ServerApplication - Starting ServerApplication using Java 17.0.9 on ROG-M16 with PID 25004 (D:\AIArtMobile\Server\build\classes\java\main started by kuaiy in D:\AIArtMobile\Server)
2023-10-19 19:50:02 [main] INFO  com.aiart.server.ServerApplication - No active profile set, falling back to default profiles: default
2023-10-19 19:50:03 [main] INFO  o.s.b.w.e.tomcat.TomcatWebServer - Tomcat initialized with port(s): 8000 (http)
2023-10-19 19:50:03 [main] INFO  o.a.coyote.http11.Http11NioProtocol - Initializing ProtocolHandler ["http-nio-8000"]
2023-10-19 19:50:03 [main] INFO  o.a.catalina.core.StandardService - Starting service [Tomcat]
2023-10-19 19:50:03 [main] INFO  o.a.catalina.core.StandardEngine - Starting Servlet engine: [Apache Tomcat/9.0.52]
2023-10-19 19:50:03 [main] INFO  o.a.c.c.C.[Tomcat].[localhost].[/] - Initializing Spring embedded WebApplicationContext
2023-10-19 19:50:03 [main] INFO  o.s.b.w.s.c.ServletWebServerApplicationContext - Root WebApplicationContext: initialization completed in 1164 ms
2023-10-19 19:50:04 [main] INFO  o.a.coyote.http11.Http11NioProtocol - Starting ProtocolHandler ["http-nio-8000"]
2023-10-19 19:50:04 [main] INFO  o.s.b.w.e.tomcat.TomcatWebServer - Tomcat started on port(s): 8000 (http) with context path ''
2023-10-19 19:50:04 [main] INFO  com.aiart.server.ServerApplication - Started ServerApplication in 2.54 seconds (JVM running for 3.22)
2023-10-19 19:50:15 [http-nio-8000-exec-1] INFO  o.a.c.c.C.[Tomcat].[localhost].[/] - Initializing Spring DispatcherServlet 'dispatcherServlet'
2023-10-19 19:50:15 [http-nio-8000-exec-1] INFO  o.s.web.servlet.DispatcherServlet - Initializing Servlet 'dispatcherServlet'
2023-10-19 19:50:15 [http-nio-8000-exec-1] INFO  o.s.web.servlet.DispatcherServlet - Completed initialization in 1 ms
2023-10-19 19:50:15 [http-nio-8000-exec-1] WARN  o.s.w.s.m.s.DefaultHandlerExceptionResolver - Resolved [org.springframework.web.HttpRequestMethodNotSupportedException: Request method 'PUT' not supported]
2023-10-19 19:51:31 [http-nio-8000-exec-3] WARN  o.s.w.s.m.s.DefaultHandlerExceptionResolver - Resolved [org.springframework.web.HttpRequestMethodNotSupportedException: Request method 'PUT' not supported]
2023-10-19 20:27:45 [main] INFO  com.aiart.server.ServerApplication - Starting ServerApplication using Java 17.0.9 on ROG-M16 with PID 25388 (D:\AIArtMobile\Server\build\classes\java\main started by kuaiy in D:\AIArtMobile\Server)
2023-10-19 20:27:45 [main] INFO  com.aiart.server.ServerApplication - No active profile set, falling back to default profiles: default
2023-10-19 20:27:46 [main] INFO  o.s.b.w.e.tomcat.TomcatWebServer - Tomcat initialized with port(s): 8000 (http)
2023-10-19 20:27:46 [main] INFO  o.a.coyote.http11.Http11NioProtocol - Initializing ProtocolHandler ["http-nio-8000"]
2023-10-19 20:27:46 [main] INFO  o.a.catalina.core.StandardService - Starting service [Tomcat]
2023-10-19 20:27:46 [main] INFO  o.a.catalina.core.StandardEngine - Starting Servlet engine: [Apache Tomcat/9.0.52]
2023-10-19 20:27:46 [main] INFO  o.a.c.c.C.[Tomcat].[localhost].[/] - Initializing Spring embedded WebApplicationContext
2023-10-19 20:27:46 [main] INFO  o.s.b.w.s.c.ServletWebServerApplicationContext - Root WebApplicationContext: initialization completed in 1008 ms
2023-10-19 20:27:47 [main] INFO  o.a.coyote.http11.Http11NioProtocol - Starting ProtocolHandler ["http-nio-8000"]
2023-10-19 20:27:47 [main] INFO  o.s.b.w.e.tomcat.TomcatWebServer - Tomcat started on port(s): 8000 (http) with context path ''
2023-10-19 20:27:47 [main] INFO  com.aiart.server.ServerApplication - Started ServerApplication in 2.25 seconds (JVM running for 2.907)
2023-10-19 20:29:50 [http-nio-8000-exec-1] INFO  o.a.c.c.C.[Tomcat].[localhost].[/] - Initializing Spring DispatcherServlet 'dispatcherServlet'
2023-10-19 20:29:50 [http-nio-8000-exec-1] INFO  o.s.web.servlet.DispatcherServlet - Initializing Servlet 'dispatcherServlet'
2023-10-19 20:29:50 [http-nio-8000-exec-1] INFO  o.s.web.servlet.DispatcherServlet - Completed initialization in 2 ms
2023-10-19 20:29:50 [http-nio-8000-exec-1] INFO  com.zaxxer.hikari.HikariDataSource - HikariPool-1 - Starting...
2023-10-19 20:29:51 [http-nio-8000-exec-1] INFO  com.zaxxer.hikari.HikariDataSource - HikariPool-1 - Start completed.
2023-10-19 20:29:51 [http-nio-8000-exec-1] INFO  c.a.server.controller.UserController - Login successful: 111
2023-10-19 20:33:18 [http-nio-8000-exec-5] INFO  c.a.server.controller.UserController - Login successful: 111
2023-10-19 20:35:55 [http-nio-8000-exec-6] INFO  c.a.server.controller.UserController - Login successful: 111
2023-10-19 20:36:53 [http-nio-8000-exec-8] INFO  c.a.server.controller.UserController - Login successful: 111
2023-10-19 20:38:29 [SpringApplicationShutdownHook] INFO  com.zaxxer.hikari.HikariDataSource - HikariPool-1 - Shutdown initiated...
2023-10-19 20:38:29 [SpringApplicationShutdownHook] INFO  com.zaxxer.hikari.HikariDataSource - HikariPool-1 - Shutdown completed.
2023-10-19 20:38:35 [main] INFO  com.aiart.server.ServerApplication - Starting ServerApplication using Java 17.0.9 on ROG-M16 with PID 23708 (D:\AIArtMobile\Server\build\classes\java\main started by kuaiy in D:\AIArtMobile\Server)
2023-10-19 20:38:35 [main] INFO  com.aiart.server.ServerApplication - No active profile set, falling back to default profiles: default
2023-10-19 20:38:36 [main] INFO  o.s.b.w.e.tomcat.TomcatWebServer - Tomcat initialized with port(s): 8000 (http)
2023-10-19 20:38:36 [main] INFO  o.a.coyote.http11.Http11NioProtocol - Initializing ProtocolHandler ["http-nio-8000"]
2023-10-19 20:38:36 [main] INFO  o.a.catalina.core.StandardService - Starting service [Tomcat]
2023-10-19 20:38:36 [main] INFO  o.a.catalina.core.StandardEngine - Starting Servlet engine: [Apache Tomcat/9.0.52]
2023-10-19 20:38:37 [main] INFO  o.a.c.c.C.[Tomcat].[localhost].[/] - Initializing Spring embedded WebApplicationContext
2023-10-19 20:38:37 [main] INFO  o.s.b.w.s.c.ServletWebServerApplicationContext - Root WebApplicationContext: initialization completed in 1075 ms
2023-10-19 20:38:37 [main] INFO  o.a.coyote.http11.Http11NioProtocol - Starting ProtocolHandler ["http-nio-8000"]
2023-10-19 20:38:37 [main] INFO  o.s.b.w.e.tomcat.TomcatWebServer - Tomcat started on port(s): 8000 (http) with context path ''
2023-10-19 20:38:37 [main] INFO  com.aiart.server.ServerApplication - Started ServerApplication in 2.388 seconds (JVM running for 3.009)
2023-10-19 20:39:21 [http-nio-8000-exec-1] INFO  o.a.c.c.C.[Tomcat].[localhost].[/] - Initializing Spring DispatcherServlet 'dispatcherServlet'
2023-10-19 20:39:21 [http-nio-8000-exec-1] INFO  o.s.web.servlet.DispatcherServlet - Initializing Servlet 'dispatcherServlet'
2023-10-19 20:39:21 [http-nio-8000-exec-1] INFO  o.s.web.servlet.DispatcherServlet - Completed initialization in 1 ms
2023-10-19 20:39:21 [http-nio-8000-exec-1] INFO  com.zaxxer.hikari.HikariDataSource - HikariPool-1 - Starting...
2023-10-19 20:39:21 [http-nio-8000-exec-1] INFO  com.zaxxer.hikari.HikariDataSource - HikariPool-1 - Start completed.
2023-10-19 20:39:21 [http-nio-8000-exec-1] INFO  c.a.server.controller.UserController - Login successful: 111
2023-10-19 20:43:42 [SpringApplicationShutdownHook] INFO  com.zaxxer.hikari.HikariDataSource - HikariPool-1 - Shutdown initiated...
2023-10-19 20:43:42 [SpringApplicationShutdownHook] INFO  com.zaxxer.hikari.HikariDataSource - HikariPool-1 - Shutdown completed.
2023-10-19 21:44:47 [main] INFO  com.aiart.server.ServerApplication - Starting ServerApplication using Java 17.0.9 on ROG-M16 with PID 10328 (D:\AIArtMobile\Server\build\classes\java\main started by kuaiy in D:\AIArtMobile\Server)
2023-10-19 21:44:47 [main] INFO  com.aiart.server.ServerApplication - No active profile set, falling back to default profiles: default
2023-10-19 21:44:47 [main] INFO  o.s.b.w.e.tomcat.TomcatWebServer - Tomcat initialized with port(s): 8000 (http)
2023-10-19 21:44:47 [main] INFO  o.a.coyote.http11.Http11NioProtocol - Initializing ProtocolHandler ["http-nio-8000"]
2023-10-19 21:44:47 [main] INFO  o.a.catalina.core.StandardService - Starting service [Tomcat]
2023-10-19 21:44:47 [main] INFO  o.a.catalina.core.StandardEngine - Starting Servlet engine: [Apache Tomcat/9.0.52]
2023-10-19 21:44:47 [main] INFO  o.a.c.c.C.[Tomcat].[localhost].[/] - Initializing Spring embedded WebApplicationContext
2023-10-19 21:44:47 [main] INFO  o.s.b.w.s.c.ServletWebServerApplicationContext - Root WebApplicationContext: initialization completed in 605 ms
2023-10-19 21:44:48 [main] INFO  o.a.coyote.http11.Http11NioProtocol - Starting ProtocolHandler ["http-nio-8000"]
2023-10-19 21:44:48 [main] INFO  o.s.b.w.e.tomcat.TomcatWebServer - Tomcat started on port(s): 8000 (http) with context path ''
2023-10-19 21:44:48 [main] INFO  com.aiart.server.ServerApplication - Started ServerApplication in 1.292 seconds (JVM running for 1.667)
2023-10-19 21:45:24 [http-nio-8000-exec-1] INFO  o.a.c.c.C.[Tomcat].[localhost].[/] - Initializing Spring DispatcherServlet 'dispatcherServlet'
2023-10-19 21:45:24 [http-nio-8000-exec-1] INFO  o.s.web.servlet.DispatcherServlet - Initializing Servlet 'dispatcherServlet'
2023-10-19 21:45:24 [http-nio-8000-exec-1] INFO  o.s.web.servlet.DispatcherServlet - Completed initialization in 1 ms
2023-10-19 21:45:24 [http-nio-8000-exec-1] INFO  com.zaxxer.hikari.HikariDataSource - HikariPool-1 - Starting...
2023-10-19 21:45:24 [http-nio-8000-exec-1] INFO  com.zaxxer.hikari.HikariDataSource - HikariPool-1 - Start completed.
2023-10-19 21:45:24 [http-nio-8000-exec-1] INFO  c.a.server.controller.UserController - Login successful: 111
2023-10-19 21:55:02 [http-nio-8000-exec-4] INFO  c.a.server.controller.UserController - Login successful: 111
2023-10-19 21:56:14 [http-nio-8000-exec-7] INFO  c.a.server.controller.UserController - Login successful: 111
2023-10-19 21:59:33 [http-nio-8000-exec-10] INFO  c.a.server.controller.UserController - Login successful: 111
2023-10-19 22:02:12 [http-nio-8000-exec-3] INFO  c.a.server.controller.UserController - Login successful: 111
2023-10-19 22:03:39 [SpringApplicationShutdownHook] INFO  com.zaxxer.hikari.HikariDataSource - HikariPool-1 - Shutdown initiated...
2023-10-19 22:03:39 [SpringApplicationShutdownHook] INFO  com.zaxxer.hikari.HikariDataSource - HikariPool-1 - Shutdown completed.
