2023-10-19 17:56:00 [http-nio-8001-exec-3] WARN  c.a.server.controller.UserController - User not found for user ID: 3
2023-10-19 17:56:00 [http-nio-8001-exec-4] INFO  c.a.server.controller.UserController - Received request to update user info for user ID: 3
2023-10-19 17:56:00 [http-nio-8001-exec-4] WARN  c.a.server.controller.UserController - User not found for user ID: 3
2023-10-19 17:56:01 [http-nio-8001-exec-5] INFO  c.a.server.controller.UserController - Received request to update user info for user ID: 3
2023-10-19 17:56:01 [http-nio-8001-exec-5] WARN  c.a.server.controller.UserController - User not found for user ID: 3
2023-10-19 17:56:57 [SpringApplicationShutdownHook] INFO  com.zaxxer.hikari.HikariDataSource - HikariPool-1 - Shutdown initiated...
2023-10-19 17:56:57 [SpringApplicationShutdownHook] INFO  com.zaxxer.hikari.HikariDataSource - HikariPool-1 - Shutdown completed.
2023-10-19 18:00:10 [main] INFO  com.aiart.server.ServerApplication - Starting ServerApplication using Java 17.0.6 on DESKTOP-KROBMAG with PID 17188 (E:\AIArt-Server-main\build\classes\java\main started by Lenovo in E:\AIArt-Server-main)
2023-10-19 18:00:10 [main] INFO  com.aiart.server.ServerApplication - No active profile set, falling back to default profiles: default
2023-10-19 18:00:11 [main] INFO  o.s.b.w.e.tomcat.TomcatWebServer - Tomcat initialized with port(s): 8001 (http)
2023-10-19 18:00:11 [main] INFO  o.a.coyote.http11.Http11NioProtocol - Initializing ProtocolHandler ["http-nio-8001"]
2023-10-19 18:00:11 [main] INFO  o.a.catalina.core.StandardService - Starting service [Tomcat]
2023-10-19 18:00:11 [main] INFO  o.a.catalina.core.StandardEngine - Starting Servlet engine: [Apache Tomcat/9.0.52]
2023-10-19 18:00:11 [main] INFO  o.a.c.c.C.[Tomcat].[localhost].[/] - Initializing Spring embedded WebApplicationContext
2023-10-19 18:00:11 [main] INFO  o.s.b.w.s.c.ServletWebServerApplicationContext - Root WebApplicationContext: initialization completed in 615 ms
2023-10-19 18:00:11 [main] INFO  o.a.coyote.http11.Http11NioProtocol - Starting ProtocolHandler ["http-nio-8001"]
2023-10-19 18:00:11 [main] INFO  o.s.b.w.e.tomcat.TomcatWebServer - Tomcat started on port(s): 8001 (http) with context path ''
2023-10-19 18:00:11 [main] INFO  com.aiart.server.ServerApplication - Started ServerApplication in 1.321 seconds (JVM running for 1.7)
2023-10-19 18:00:33 [http-nio-8001-exec-1] INFO  o.a.c.c.C.[Tomcat].[localhost].[/] - Initializing Spring DispatcherServlet 'dispatcherServlet'
2023-10-19 18:00:33 [http-nio-8001-exec-1] INFO  o.s.web.servlet.DispatcherServlet - Initializing Servlet 'dispatcherServlet'
2023-10-19 18:00:33 [http-nio-8001-exec-1] INFO  o.s.web.servlet.DispatcherServlet - Completed initialization in 0 ms
2023-10-19 18:00:33 [http-nio-8001-exec-1] INFO  c.a.server.controller.UserController - Received request to update user info for user ID: 3
2023-10-19 18:00:33 [http-nio-8001-exec-1] INFO  com.zaxxer.hikari.HikariDataSource - HikariPool-1 - Starting...
2023-10-19 18:00:33 [http-nio-8001-exec-1] INFO  com.zaxxer.hikari.HikariDataSource - HikariPool-1 - Start completed.
2023-10-19 18:00:33 [http-nio-8001-exec-1] WARN  c.a.server.controller.UserController - User not found for user ID: 3
2023-10-19 18:00:44 [http-nio-8001-exec-2] INFO  c.a.server.controller.UserController - Received request to update user info for user ID: 3
2023-10-19 18:00:44 [http-nio-8001-exec-2] WARN  c.a.server.controller.UserController - User not found for user ID: 3
2023-10-19 18:00:57 [SpringApplicationShutdownHook] INFO  com.zaxxer.hikari.HikariDataSource - HikariPool-1 - Shutdown initiated...
2023-10-19 18:00:57 [SpringApplicationShutdownHook] INFO  com.zaxxer.hikari.HikariDataSource - HikariPool-1 - Shutdown completed.
2023-10-19 19:34:26 [http-nio-8001-exec-1] INFO  c.a.server.controller.UserController - Login successful: 18358046758
2023-10-19 19:34:40 [http-nio-8001-exec-2] INFO  c.a.server.controller.UserController - Login successful: 18358046758
2023-10-19 19:35:06 [http-nio-8001-exec-3] INFO  c.a.server.controller.UserController - Login successful: 18358046758
2023-10-19 19:35:32 [SpringApplicationShutdownHook] INFO  com.zaxxer.hikari.HikariDataSource - HikariPool-1 - Shutdown initiated...
2023-10-19 19:35:32 [SpringApplicationShutdownHook] INFO  com.zaxxer.hikari.HikariDataSource - HikariPool-1 - Shutdown completed.
2023-10-19 19:35:41 [http-nio-8001-exec-1] INFO  c.a.server.controller.UserController - Login successful: 18358046758
2023-10-19 19:36:31 [SpringApplicationShutdownHook] INFO  com.zaxxer.hikari.HikariDataSource - HikariPool-1 - Shutdown initiated...
2023-10-19 19:36:31 [SpringApplicationShutdownHook] INFO  com.zaxxer.hikari.HikariDataSource - HikariPool-1 - Shutdown completed.
2023-10-19 19:38:04 [http-nio-8001-exec-1] INFO  c.a.server.controller.UserController - Login successful: 18358046758
2023-10-19 19:38:51 [SpringApplicationShutdownHook] INFO  com.zaxxer.hikari.HikariDataSource - HikariPool-1 - Shutdown initiated...
2023-10-19 19:38:51 [SpringApplicationShutdownHook] INFO  com.zaxxer.hikari.HikariDataSource - HikariPool-1 - Shutdown completed.
2023-10-19 20:02:38 [http-nio-8001-exec-1] INFO  c.a.server.controller.UserController - Login successful: 18358046758
2023-10-19 20:06:15 [SpringApplicationShutdownHook] INFO  com.zaxxer.hikari.HikariDataSource - HikariPool-1 - Shutdown initiated...
2023-10-19 20:06:15 [SpringApplicationShutdownHook] INFO  com.zaxxer.hikari.HikariDataSource - HikariPool-1 - Shutdown completed.
